<?xml version="1.0" encoding="UTF-8"?>
<testsuite name="com.example.springboot.HelloControllerTest" tests="1" skipped="0" failures="0" errors="0" timestamp="2020-05-04T01:40:54" hostname="dhcp-10-159-250-162.vpn.oracle.com" time="0.136">
  <properties/>
  <testcase name="getHello()" classname="com.example.springboot.HelloControllerTest" time="0.136"/>
  <system-out><![CDATA[2020-05-03 18:40:49.720  INFO 58998 --- [    Test worker] .b.t.c.SpringBootTestContextBootstrapper : Neither @ContextConfiguration nor @ContextHierarchy found for test class [com.example.springboot.HelloControllerTest], using SpringBootContextLoader
2020-05-03 18:40:49.884  INFO 58998 --- [    Test worker] o.s.t.c.support.AbstractContextLoader    : Could not detect default resource locations for test class [com.example.springboot.HelloControllerTest]: no resource found for suffixes {-context.xml, Context.groovy}.
2020-05-03 18:40:49.885  INFO 58998 --- [    Test worker] t.c.s.AnnotationConfigContextLoaderUtils : Could not detect default configuration classes for test class [com.example.springboot.HelloControllerTest]: HelloControllerTest does not declare any static, non-private, non-final, nested classes annotated with @Configuration.
2020-05-03 18:40:49.895  INFO 58998 --- [    Test worker] .b.t.c.SpringBootTestContextBootstrapper : Found @SpringBootConfiguration com.example.springboot.Application for test class com.example.springboot.HelloControllerTest
2020-05-03 18:40:49.899  INFO 58998 --- [    Test worker] .b.t.c.SpringBootTestContextBootstrapper : Loaded default TestExecutionListener class names from location [META-INF/spring.factories]: [org.springframework.boot.test.autoconfigure.restdocs.RestDocsTestExecutionListener, org.springframework.boot.test.autoconfigure.web.client.MockRestServiceServerResetTestExecutionListener, org.springframework.boot.test.autoconfigure.web.servlet.MockMvcPrintOnlyOnFailureTestExecutionListener, org.springframework.boot.test.autoconfigure.web.servlet.WebDriverTestExecutionListener, org.springframework.boot.test.mock.mockito.MockitoTestExecutionListener, org.springframework.boot.test.mock.mockito.ResetMocksTestExecutionListener, org.springframework.test.context.web.ServletTestExecutionListener, org.springframework.test.context.support.DirtiesContextBeforeModesTestExecutionListener, org.springframework.test.context.support.DependencyInjectionTestExecutionListener, org.springframework.test.context.support.DirtiesContextTestExecutionListener, org.springframework.test.context.transaction.TransactionalTestExecutionListener, org.springframework.test.context.jdbc.SqlScriptsTestExecutionListener, org.springframework.test.context.event.EventPublishingTestExecutionListener]
2020-05-03 18:40:49.901  INFO 58998 --- [    Test worker] .b.t.c.SpringBootTestContextBootstrapper : Using TestExecutionListeners: [org.springframework.test.context.web.ServletTestExecutionListener@1155e487, org.springframework.test.context.support.DirtiesContextBeforeModesTestExecutionListener@304cea5b, org.springframework.boot.test.mock.mockito.MockitoTestExecutionListener@2f5b7f8c, org.springframework.boot.test.autoconfigure.SpringBootDependencyInjectionTestExecutionListener@7c6108e1, org.springframework.test.context.support.DirtiesContextTestExecutionListener@42aeba36, org.springframework.test.context.event.EventPublishingTestExecutionListener@15679e0a, org.springframework.boot.test.autoconfigure.restdocs.RestDocsTestExecutionListener@61343435, org.springframework.boot.test.autoconfigure.web.client.MockRestServiceServerResetTestExecutionListener@15e61ef2, org.springframework.boot.test.autoconfigure.web.servlet.MockMvcPrintOnlyOnFailureTestExecutionListener@22ae7972, org.springframework.boot.test.autoconfigure.web.servlet.WebDriverTestExecutionListener@b9034e3, org.springframework.boot.test.mock.mockito.ResetMocksTestExecutionListener@4bc53c38]

  .   ____          _            __ _ _
 /\\ / ___'_ __ _ _(_)_ __  __ _ \ \ \ \
( ( )\___ | '_ | '_| | '_ \/ _` | \ \ \ \
 \\/  ___)| |_)| | | | | || (_| |  ) ) ) )
  '  |____| .__|_| |_|_| |_\__, | / / / /
 =========|_|==============|___/=/_/_/_/
 :: Spring Boot ::        (v2.2.2.RELEASE)

2020-05-03 18:40:50.056  INFO 58998 --- [    Test worker] c.e.springboot.HelloControllerTest       : Starting HelloControllerTest on dhcp-10-159-147-17.vpn.oracle.com with PID 58998 (started by spammar in /Users/spammar/samples/tomcat-war/gs-spring-boot/complete)
2020-05-03 18:40:50.057  INFO 58998 --- [    Test worker] c.e.springboot.HelloControllerTest       : No active profile set, falling back to default profiles: default
2020-05-03 18:40:52.487  INFO 58998 --- [    Test worker] o.s.s.concurrent.ThreadPoolTaskExecutor  : Initializing ExecutorService 'applicationTaskExecutor'
2020-05-03 18:40:53.769  INFO 58998 --- [    Test worker] o.s.b.t.m.w.SpringBootMockServletContext : Initializing Spring TestDispatcherServlet ''
2020-05-03 18:40:53.769  INFO 58998 --- [    Test worker] o.s.t.web.servlet.TestDispatcherServlet  : Initializing Servlet ''
2020-05-03 18:40:53.794  INFO 58998 --- [    Test worker] o.s.b.a.e.web.EndpointLinksResolver      : Exposing 2 endpoint(s) beneath base path '/actuator'
2020-05-03 18:40:53.877  INFO 58998 --- [    Test worker] o.s.t.web.servlet.TestDispatcherServlet  : Completed initialization in 108 ms
2020-05-03 18:40:53.995  INFO 58998 --- [    Test worker] c.e.springboot.HelloControllerTest       : Started HelloControllerTest in 4.041 seconds (JVM running for 21.577)
]]></system-out>
  <system-err><![CDATA[]]></system-err>
</testsuite>
